<?xml version="1.0" encoding="UTF-8"?>
<dataset>

    <languages
        code="IT"
        language="Italiano"
        enlanguage="Italian"
    />
    
    <languages
        code="ES"
        language="Español"
        enlanguage="Spanish"
    />
    
    <languages
        code="EN"
        language="English"
        enlanguage="English"
    />
    
    <languages
        code="ZH"
        language="中文"
        enlanguage="Chinese"
    />

	<test_entity
		id="1"
		string_type_1="app1"
		string_type_2="distribution_name"
		string_type_4="token"
        boolfield="true"
		insert_date="2016-01-01 12:00:00"
		last_update="2017-01-01 12:00:00"
		localdatetime_type="2017-01-01 13:00:00"
		localtime_type="13:00:00"
		localdate_type="2017-01-01"
		not_implemented_type="0.00000001"
		enum_type="Enum1"
        city="citta1"
		version="1"
	/>
  
	<test_entity
		id="2"
		string_type_1="app2"
		string_type_2="distribution_name"
		string_type_3="string"
		string_type_4="token"
        boolfield="true"
		insert_date="2016-01-01 12:00:00"
		last_update="2017-01-01 12:00:00"
		localdatetime_type="2017-01-02 12:00:00"
		localtime_type="14:00:00"
		localdate_type="2017-01-03"
		enum_type="Enum2"
        city="citta2"
		version="2"
	/>
  
	<test_entity
		id="3"
		string_type_1="app2"
		string_type_2="DISTRIBUTION_NAME_UP"
		string_type_3="string1"
		string_type_4="token2"
        boolfield="false"
		insert_date="2016-12-01 12:00:00"
		last_update="2017-12-01 12:00:00"
		localtime_type="13:00:00"
		localdate_type="2017-01-02"
		enum_type="Enum3"
        city="citta3"
		version="3"
	/>
  
	<test_entity
		id="4"
		string_type_1="app24"
		string_type_2="DISTRIBUTION_NAME_UP"
		string_type_3="string1"
		string_type_4="token2"
        boolfield="false"
		insert_date="2019-11-01 12:00:00"
		last_update="2019-12-01 12:00:00"
		localtime_type="19:00:00"
		localdate_type="2018-01-02"
		enum_type="Enum3"
        city="citta25"
		version="4"
	/>
  
    <entity_names
      entity_id="1"
      name="Application one translator"
      langcode="EN"
    />
    
    <entity_names
      entity_id="1"
      name="Applicazione uno traduttore"
      langcode="IT"
    />
    
    <entity_names
      entity_id="1"
      name="Aplicación uno traductor"
      langcode="ES"
    />
    
    <entity_names
      entity_id="2"
      name="Application two integration"
      langcode="EN"
    />
    
    <entity_names
      entity_id="2"
      name="Applicazione due integrazione"
      langcode="IT"
    />
    
    <entity_names
      entity_id="3"
      name="Aplicación dos integración"
      langcode="ES"
    />
  
    <test_entity_owners
      id="1"
      owner="1"/>
      
    <test_entity_owners
      id="1"
      owner="3"/>
 
    <test_entity_owners
      id="3"
      owner="3"/>
  
    <test_entity_sub
      id="1"
      parent="1"
      string_type_1="app1"
      version="1"
    />
    
    <test_entity_sub
      id="3"
      parent="1"
      string_type_1="app2"
      version="1"
    />
    
    <test_entity_sub
      id="4"
      parent="1"
      string_type_1="app3"
      version="1"
    />
    
    <test_entity_sub
      id="2"
      parent="2"
      string_type_1="app1"
      version="1"
    />
    
</dataset>
